Command line invocation:
    /Applications/Xcode.app/Contents/Developer/usr/bin/xcodebuild -project Breezy.xcodeproj -target Breezy -sdk iphonesimulator build

Build settings from command line:
    SDKROOT = iphonesimulator26.0

ComputePackagePrebuildTargetDependencyGraph

Prepare packages

CreateBuildRequest

SendProjectDescription

CreateBuildOperation

ComputeTargetDependencyGraph
note: Building targets in dependency order
note: Target dependency graph (4 targets)
    Target 'Breezy' in project 'Breezy'
        ➜ Explicit dependency on target 'BreezyWidgetExtension' in project 'Breezy'
        ➜ Explicit dependency on target 'Breezy Watch Watch App' in project 'Breezy'
    Target 'Breezy Watch Watch App' in project 'Breezy'
        ➜ Explicit dependency on target 'BreezyWatchWidgetExtensionExtension' in project 'Breezy'
    Target 'BreezyWatchWidgetExtensionExtension' in project 'Breezy' (no dependencies)
    Target 'BreezyWidgetExtension' in project 'Breezy' (no dependencies)

GatherProvisioningInputs

CreateBuildDescription

ExecuteExternalTool /Applications/Xcode.app/Contents/Developer/Toolchains/XcodeDefault.xctoolchain/usr/bin/clang -v -E -dM -isysroot /Applications/Xcode.app/Contents/Developer/Platforms/iPhoneSimulator.platform/Developer/SDKs/iPhoneSimulator26.0.sdk -x c -c /dev/null

ExecuteExternalTool /Applications/Xcode.app/Contents/Developer/usr/bin/actool --version --output-format xml1

ExecuteExternalTool /Applications/Xcode.app/Contents/Developer/usr/bin/actool --print-asset-tag-combinations --output-format xml1 /Users/olimebberson/Documents/Miscellaneous/iPhone Apps/Breezy/Breezy Watch Watch App/Assets.xcassets

ExecuteExternalTool /Applications/Xcode.app/Contents/Developer/usr/bin/actool --print-asset-tag-combinations --output-format xml1 /Users/olimebberson/Documents/Miscellaneous/iPhone Apps/Breezy/Breezy/Assets.xcassets

ExecuteExternalTool /Applications/Xcode.app/Contents/Developer/Toolchains/XcodeDefault.xctoolchain/usr/bin/swiftc --version

ExecuteExternalTool /Applications/Xcode.app/Contents/Developer/Toolchains/XcodeDefault.xctoolchain/usr/bin/ld -version_details

Build description signature: 436d176a3fd94735b9d6f9f2fddeaed7
Build description path: /Users/olimebberson/Documents/Miscellaneous/iPhone Apps/Breezy/build/XCBuildData/436d176a3fd94735b9d6f9f2fddeaed7.xcbuilddata
ClangStatCache /Applications/Xcode.app/Contents/Developer/Toolchains/XcodeDefault.xctoolchain/usr/bin/clang-stat-cache /Applications/Xcode.app/Contents/Developer/Platforms/iPhoneSimulator.platform/Developer/SDKs/iPhoneSimulator26.0.sdk /var/folders/lt/fw287cp96ng4tsv4tw7xfnwh0000gn/C/com.apple.DeveloperTools/26.0-17A324/Xcode/SDKStatCaches.noindex/iphonesimulator26.0-23A339-3885c01c3e6b6a337905948deab2002e26257891a6c027eb51374368541b8346.sdkstatcache
    cd /Users/olimebberson/Documents/Miscellaneous/iPhone\ Apps/Breezy/Breezy.xcodeproj
    /Applications/Xcode.app/Contents/Developer/Toolchains/XcodeDefault.xctoolchain/usr/bin/clang-stat-cache /Applications/Xcode.app/Contents/Developer/Platforms/iPhoneSimulator.platform/Developer/SDKs/iPhoneSimulator26.0.sdk -o /var/folders/lt/fw287cp96ng4tsv4tw7xfnwh0000gn/C/com.apple.DeveloperTools/26.0-17A324/Xcode/SDKStatCaches.noindex/iphonesimulator26.0-23A339-3885c01c3e6b6a337905948deab2002e26257891a6c027eb51374368541b8346.sdkstatcache

ProcessProductPackaging /Users/olimebberson/Documents/Miscellaneous/iPhone\ Apps/Breezy/BreezyWidgetExtension.entitlements /Users/olimebberson/Documents/Miscellaneous/iPhone\ Apps/Breezy/build/Breezy.build/Release-iphonesimulator/BreezyWidgetExtension.build/BreezyWidgetExtension.appex.xcent (in target 'BreezyWidgetExtension' from project 'Breezy')
    cd /Users/olimebberson/Documents/Miscellaneous/iPhone\ Apps/Breezy
    
    Entitlements:
    
    {
}
    
    builtin-productPackagingUtility /Users/olimebberson/Documents/Miscellaneous/iPhone\ Apps/Breezy/BreezyWidgetExtension.entitlements -entitlements -format xml -o /Users/olimebberson/Documents/Miscellaneous/iPhone\ Apps/Breezy/build/Breezy.build/Release-iphonesimulator/BreezyWidgetExtension.build/BreezyWidgetExtension.appex.xcent

ProcessProductPackaging /Users/olimebberson/Documents/Miscellaneous/iPhone\ Apps/Breezy/BreezyWatchWidgetExtensionExtension.entitlements /Users/olimebberson/Documents/Miscellaneous/iPhone\ Apps/Breezy/build/Breezy.build/Release-iphonesimulator/BreezyWatchWidgetExtensionExtension.build/BreezyWatchWidgetExtensionExtension.appex.xcent (in target 'BreezyWatchWidgetExtensionExtension' from project 'Breezy')
    cd /Users/olimebberson/Documents/Miscellaneous/iPhone\ Apps/Breezy
    
    Entitlements:
    
    {
}
    
    builtin-productPackagingUtility /Users/olimebberson/Documents/Miscellaneous/iPhone\ Apps/Breezy/BreezyWatchWidgetExtensionExtension.entitlements -entitlements -format xml -o /Users/olimebberson/Documents/Miscellaneous/iPhone\ Apps/Breezy/build/Breezy.build/Release-iphonesimulator/BreezyWatchWidgetExtensionExtension.build/BreezyWatchWidgetExtensionExtension.appex.xcent

ProcessProductPackaging /Users/olimebberson/Documents/Miscellaneous/iPhone\ Apps/Breezy/BreezyWatchWidgetExtensionExtension.entitlements /Users/olimebberson/Documents/Miscellaneous/iPhone\ Apps/Breezy/build/Breezy.build/Release-iphonesimulator/BreezyWatchWidgetExtensionExtension.build/BreezyWatchWidgetExtensionExtension.appex-Simulated.xcent (in target 'BreezyWatchWidgetExtensionExtension' from project 'Breezy')
    cd /Users/olimebberson/Documents/Miscellaneous/iPhone\ Apps/Breezy
    
    Entitlements:
    
    {
    "application-identifier" = "ZVYZ759YYL.com.breezy.weather.watchkitapp.widget";
    "com.apple.security.application-groups" =     (
        "group.com.breezy.weather"
    );
}
    
    builtin-productPackagingUtility /Users/olimebberson/Documents/Miscellaneous/iPhone\ Apps/Breezy/BreezyWatchWidgetExtensionExtension.entitlements -entitlements -format xml -o /Users/olimebberson/Documents/Miscellaneous/iPhone\ Apps/Breezy/build/Breezy.build/Release-iphonesimulator/BreezyWatchWidgetExtensionExtension.build/BreezyWatchWidgetExtensionExtension.appex-Simulated.xcent

ProcessProductPackaging /Users/olimebberson/Documents/Miscellaneous/iPhone\ Apps/Breezy/BreezyWidgetExtension.entitlements /Users/olimebberson/Documents/Miscellaneous/iPhone\ Apps/Breezy/build/Breezy.build/Release-iphonesimulator/BreezyWidgetExtension.build/BreezyWidgetExtension.appex-Simulated.xcent (in target 'BreezyWidgetExtension' from project 'Breezy')
    cd /Users/olimebberson/Documents/Miscellaneous/iPhone\ Apps/Breezy
    
    Entitlements:
    
    {
    "application-identifier" = "ZVYZ759YYL.com.breezy.weather.widget";
    "com.apple.developer.weatherkit" = 1;
    "com.apple.security.application-groups" =     (
        "group.com.breezy.weather"
    );
}
    
    builtin-productPackagingUtility /Users/olimebberson/Documents/Miscellaneous/iPhone\ Apps/Breezy/BreezyWidgetExtension.entitlements -entitlements -format xml -o /Users/olimebberson/Documents/Miscellaneous/iPhone\ Apps/Breezy/build/Breezy.build/Release-iphonesimulator/BreezyWidgetExtension.build/BreezyWidgetExtension.appex-Simulated.xcent

ProcessProductPackagingDER /Users/olimebberson/Documents/Miscellaneous/iPhone\ Apps/Breezy/build/Breezy.build/Release-iphonesimulator/BreezyWidgetExtension.build/BreezyWidgetExtension.appex.xcent /Users/olimebberson/Documents/Miscellaneous/iPhone\ Apps/Breezy/build/Breezy.build/Release-iphonesimulator/BreezyWidgetExtension.build/BreezyWidgetExtension.appex.xcent.der (in target 'BreezyWidgetExtension' from project 'Breezy')
    cd /Users/olimebberson/Documents/Miscellaneous/iPhone\ Apps/Breezy
    /usr/bin/derq query -f xml -i /Users/olimebberson/Documents/Miscellaneous/iPhone\ Apps/Breezy/build/Breezy.build/Release-iphonesimulator/BreezyWidgetExtension.build/BreezyWidgetExtension.appex.xcent -o /Users/olimebberson/Documents/Miscellaneous/iPhone\ Apps/Breezy/build/Breezy.build/Release-iphonesimulator/BreezyWidgetExtension.build/BreezyWidgetExtension.appex.xcent.der --raw

ProcessProductPackagingDER /Users/olimebberson/Documents/Miscellaneous/iPhone\ Apps/Breezy/build/Breezy.build/Release-iphonesimulator/BreezyWidgetExtension.build/BreezyWidgetExtension.appex-Simulated.xcent /Users/olimebberson/Documents/Miscellaneous/iPhone\ Apps/Breezy/build/Breezy.build/Release-iphonesimulator/BreezyWidgetExtension.build/BreezyWidgetExtension.appex-Simulated.xcent.der (in target 'BreezyWidgetExtension' from project 'Breezy')
    cd /Users/olimebberson/Documents/Miscellaneous/iPhone\ Apps/Breezy
    /usr/bin/derq query -f xml -i /Users/olimebberson/Documents/Miscellaneous/iPhone\ Apps/Breezy/build/Breezy.build/Release-iphonesimulator/BreezyWidgetExtension.build/BreezyWidgetExtension.appex-Simulated.xcent -o /Users/olimebberson/Documents/Miscellaneous/iPhone\ Apps/Breezy/build/Breezy.build/Release-iphonesimulator/BreezyWidgetExtension.build/BreezyWidgetExtension.appex-Simulated.xcent.der --raw

ProcessProductPackagingDER /Users/olimebberson/Documents/Miscellaneous/iPhone\ Apps/Breezy/build/Breezy.build/Release-iphonesimulator/BreezyWatchWidgetExtensionExtension.build/BreezyWatchWidgetExtensionExtension.appex.xcent /Users/olimebberson/Documents/Miscellaneous/iPhone\ Apps/Breezy/build/Breezy.build/Release-iphonesimulator/BreezyWatchWidgetExtensionExtension.build/BreezyWatchWidgetExtensionExtension.appex.xcent.der (in target 'BreezyWatchWidgetExtensionExtension' from project 'Breezy')
    cd /Users/olimebberson/Documents/Miscellaneous/iPhone\ Apps/Breezy
    /usr/bin/derq query -f xml -i /Users/olimebberson/Documents/Miscellaneous/iPhone\ Apps/Breezy/build/Breezy.build/Release-iphonesimulator/BreezyWatchWidgetExtensionExtension.build/BreezyWatchWidgetExtensionExtension.appex.xcent -o /Users/olimebberson/Documents/Miscellaneous/iPhone\ Apps/Breezy/build/Breezy.build/Release-iphonesimulator/BreezyWatchWidgetExtensionExtension.build/BreezyWatchWidgetExtensionExtension.appex.xcent.der --raw

ProcessProductPackagingDER /Users/olimebberson/Documents/Miscellaneous/iPhone\ Apps/Breezy/build/Breezy.build/Release-iphonesimulator/BreezyWatchWidgetExtensionExtension.build/BreezyWatchWidgetExtensionExtension.appex-Simulated.xcent /Users/olimebberson/Documents/Miscellaneous/iPhone\ Apps/Breezy/build/Breezy.build/Release-iphonesimulator/BreezyWatchWidgetExtensionExtension.build/BreezyWatchWidgetExtensionExtension.appex-Simulated.xcent.der (in target 'BreezyWatchWidgetExtensionExtension' from project 'Breezy')
    cd /Users/olimebberson/Documents/Miscellaneous/iPhone\ Apps/Breezy
    /usr/bin/derq query -f xml -i /Users/olimebberson/Documents/Miscellaneous/iPhone\ Apps/Breezy/build/Breezy.build/Release-iphonesimulator/BreezyWatchWidgetExtensionExtension.build/BreezyWatchWidgetExtensionExtension.appex-Simulated.xcent -o /Users/olimebberson/Documents/Miscellaneous/iPhone\ Apps/Breezy/build/Breezy.build/Release-iphonesimulator/BreezyWatchWidgetExtensionExtension.build/BreezyWatchWidgetExtensionExtension.appex-Simulated.xcent.der --raw

ProcessInfoPlistFile /Users/olimebberson/Documents/Miscellaneous/iPhone\ Apps/Breezy/build/Release-iphonesimulator/BreezyWidgetExtension.appex/Info.plist /Users/olimebberson/Documents/Miscellaneous/iPhone\ Apps/Breezy/BreezyWidget/Info.plist (in target 'BreezyWidgetExtension' from project 'Breezy')
    cd /Users/olimebberson/Documents/Miscellaneous/iPhone\ Apps/Breezy
    builtin-infoPlistUtility /Users/olimebberson/Documents/Miscellaneous/iPhone\ Apps/Breezy/BreezyWidget/Info.plist -producttype com.apple.product-type.app-extension -expandbuildsettings -format binary -platform iphonesimulator -additionalcontentfile /Users/olimebberson/Documents/Miscellaneous/iPhone\ Apps/Breezy/build/Breezy.build/Release-iphonesimulator/BreezyWidgetExtension.build/assetcatalog_generated_info.plist -o /Users/olimebberson/Documents/Miscellaneous/iPhone\ Apps/Breezy/build/Release-iphonesimulator/BreezyWidgetExtension.appex/Info.plist

ProcessInfoPlistFile /Users/olimebberson/Documents/Miscellaneous/iPhone\ Apps/Breezy/build/Release-iphonesimulator/BreezyWatchWidgetExtensionExtension.appex/Info.plist /Users/olimebberson/Documents/Miscellaneous/iPhone\ Apps/Breezy/BreezyWatchWidgetExtension/Info.plist (in target 'BreezyWatchWidgetExtensionExtension' from project 'Breezy')
    cd /Users/olimebberson/Documents/Miscellaneous/iPhone\ Apps/Breezy
    builtin-infoPlistUtility /Users/olimebberson/Documents/Miscellaneous/iPhone\ Apps/Breezy/BreezyWatchWidgetExtension/Info.plist -producttype com.apple.product-type.app-extension -expandbuildsettings -format binary -platform iphonesimulator -additionalcontentfile /Users/olimebberson/Documents/Miscellaneous/iPhone\ Apps/Breezy/build/Breezy.build/Release-iphonesimulator/BreezyWatchWidgetExtensionExtension.build/assetcatalog_generated_info.plist -o /Users/olimebberson/Documents/Miscellaneous/iPhone\ Apps/Breezy/build/Release-iphonesimulator/BreezyWatchWidgetExtensionExtension.appex/Info.plist
warning: TARGETED_DEVICE_FAMILY value (4) does not contain any device family values compatible with the iOS platform. Please add one or more of the following values to the TARGETED_DEVICE_FAMILY build setting to indicate the device families supported by this target: '1' (indicating 'iPhone'), '2' (indicating 'iPad'). (in target 'BreezyWatchWidgetExtensionExtension' from project 'Breezy')

Ld /Users/olimebberson/Documents/Miscellaneous/iPhone\ Apps/Breezy/build/Breezy.build/Release-iphonesimulator/BreezyWidgetExtension.build/Objects-normal/arm64/Binary/BreezyWidgetExtension normal arm64 (in target 'BreezyWidgetExtension' from project 'Breezy')
    cd /Users/olimebberson/Documents/Miscellaneous/iPhone\ Apps/Breezy
    /Applications/Xcode.app/Contents/Developer/Toolchains/XcodeDefault.xctoolchain/usr/bin/clang -Xlinker -reproducible -target arm64-apple-ios18-simulator -isysroot /Applications/Xcode.app/Contents/Developer/Platforms/iPhoneSimulator.platform/Developer/SDKs/iPhoneSimulator26.0.sdk -Os -L/Users/olimebberson/Documents/Miscellaneous/iPhone\ Apps/Breezy/build/EagerLinkingTBDs/Release-iphonesimulator -L/Users/olimebberson/Documents/Miscellaneous/iPhone\ Apps/Breezy/build/Release-iphonesimulator -F/Users/olimebberson/Documents/Miscellaneous/iPhone\ Apps/Breezy/build/EagerLinkingTBDs/Release-iphonesimulator -F/Users/olimebberson/Documents/Miscellaneous/iPhone\ Apps/Breezy/build/Release-iphonesimulator -filelist /Users/olimebberson/Documents/Miscellaneous/iPhone\ Apps/Breezy/build/Breezy.build/Release-iphonesimulator/BreezyWidgetExtension.build/Objects-normal/arm64/BreezyWidgetExtension.LinkFileList -Xlinker -rpath -Xlinker /usr/lib/swift -Xlinker -rpath -Xlinker @executable_path/Frameworks -Xlinker -rpath -Xlinker @executable_path/../../Frameworks -dead_strip -Xlinker -object_path_lto -Xlinker /Users/olimebberson/Documents/Miscellaneous/iPhone\ Apps/Breezy/build/Breezy.build/Release-iphonesimulator/BreezyWidgetExtension.build/Objects-normal/arm64/BreezyWidgetExtension_lto.o -Xlinker -objc_abi_version -Xlinker 2 -Xlinker -dependency_info -Xlinker /Users/olimebberson/Documents/Miscellaneous/iPhone\ Apps/Breezy/build/Breezy.build/Release-iphonesimulator/BreezyWidgetExtension.build/Objects-normal/arm64/BreezyWidgetExtension_dependency_info.dat -e _NSExtensionMain -fapplication-extension -fobjc-link-runtime -L/Applications/Xcode.app/Contents/Developer/Toolchains/XcodeDefault.xctoolchain/usr/lib/swift/iphonesimulator -L/usr/lib/swift -Xlinker -add_ast_path -Xlinker /Users/olimebberson/Documents/Miscellaneous/iPhone\ Apps/Breezy/build/Breezy.build/Release-iphonesimulator/BreezyWidgetExtension.build/Objects-normal/arm64/BreezyWidgetExtension.swiftmodule @/Users/olimebberson/Documents/Miscellaneous/iPhone\ Apps/Breezy/build/Breezy.build/Release-iphonesimulator/BreezyWidgetExtension.build/Objects-normal/arm64/BreezyWidgetExtension-linker-args.resp -framework ActivityKit -Xlinker -sectcreate -Xlinker __TEXT -Xlinker __entitlements -Xlinker /Users/olimebberson/Documents/Miscellaneous/iPhone\ Apps/Breezy/build/Breezy.build/Release-iphonesimulator/BreezyWidgetExtension.build/BreezyWidgetExtension.appex-Simulated.xcent -Xlinker -sectcreate -Xlinker __TEXT -Xlinker __ents_der -Xlinker /Users/olimebberson/Documents/Miscellaneous/iPhone\ Apps/Breezy/build/Breezy.build/Release-iphonesimulator/BreezyWidgetExtension.build/BreezyWidgetExtension.appex-Simulated.xcent.der -framework SwiftUI -framework WidgetKit -Xlinker -no_adhoc_codesign -o /Users/olimebberson/Documents/Miscellaneous/iPhone\ Apps/Breezy/build/Breezy.build/Release-iphonesimulator/BreezyWidgetExtension.build/Objects-normal/arm64/Binary/BreezyWidgetExtension

Ld /Users/olimebberson/Documents/Miscellaneous/iPhone\ Apps/Breezy/build/Breezy.build/Release-iphonesimulator/BreezyWidgetExtension.build/Objects-normal/x86_64/Binary/BreezyWidgetExtension normal x86_64 (in target 'BreezyWidgetExtension' from project 'Breezy')
    cd /Users/olimebberson/Documents/Miscellaneous/iPhone\ Apps/Breezy
    /Applications/Xcode.app/Contents/Developer/Toolchains/XcodeDefault.xctoolchain/usr/bin/clang -Xlinker -reproducible -target x86_64-apple-ios18-simulator -isysroot /Applications/Xcode.app/Contents/Developer/Platforms/iPhoneSimulator.platform/Developer/SDKs/iPhoneSimulator26.0.sdk -Os -L/Users/olimebberson/Documents/Miscellaneous/iPhone\ Apps/Breezy/build/EagerLinkingTBDs/Release-iphonesimulator -L/Users/olimebberson/Documents/Miscellaneous/iPhone\ Apps/Breezy/build/Release-iphonesimulator -F/Users/olimebberson/Documents/Miscellaneous/iPhone\ Apps/Breezy/build/EagerLinkingTBDs/Release-iphonesimulator -F/Users/olimebberson/Documents/Miscellaneous/iPhone\ Apps/Breezy/build/Release-iphonesimulator -filelist /Users/olimebberson/Documents/Miscellaneous/iPhone\ Apps/Breezy/build/Breezy.build/Release-iphonesimulator/BreezyWidgetExtension.build/Objects-normal/x86_64/BreezyWidgetExtension.LinkFileList -Xlinker -rpath -Xlinker /usr/lib/swift -Xlinker -rpath -Xlinker @executable_path/Frameworks -Xlinker -rpath -Xlinker @executable_path/../../Frameworks -dead_strip -Xlinker -object_path_lto -Xlinker /Users/olimebberson/Documents/Miscellaneous/iPhone\ Apps/Breezy/build/Breezy.build/Release-iphonesimulator/BreezyWidgetExtension.build/Objects-normal/x86_64/BreezyWidgetExtension_lto.o -Xlinker -objc_abi_version -Xlinker 2 -Xlinker -dependency_info -Xlinker /Users/olimebberson/Documents/Miscellaneous/iPhone\ Apps/Breezy/build/Breezy.build/Release-iphonesimulator/BreezyWidgetExtension.build/Objects-normal/x86_64/BreezyWidgetExtension_dependency_info.dat -e _NSExtensionMain -fapplication-extension -fobjc-link-runtime -L/Applications/Xcode.app/Contents/Developer/Toolchains/XcodeDefault.xctoolchain/usr/lib/swift/iphonesimulator -L/usr/lib/swift -Xlinker -add_ast_path -Xlinker /Users/olimebberson/Documents/Miscellaneous/iPhone\ Apps/Breezy/build/Breezy.build/Release-iphonesimulator/BreezyWidgetExtension.build/Objects-normal/x86_64/BreezyWidgetExtension.swiftmodule @/Users/olimebberson/Documents/Miscellaneous/iPhone\ Apps/Breezy/build/Breezy.build/Release-iphonesimulator/BreezyWidgetExtension.build/Objects-normal/x86_64/BreezyWidgetExtension-linker-args.resp -framework ActivityKit -Xlinker -sectcreate -Xlinker __TEXT -Xlinker __entitlements -Xlinker /Users/olimebberson/Documents/Miscellaneous/iPhone\ Apps/Breezy/build/Breezy.build/Release-iphonesimulator/BreezyWidgetExtension.build/BreezyWidgetExtension.appex-Simulated.xcent -Xlinker -sectcreate -Xlinker __TEXT -Xlinker __ents_der -Xlinker /Users/olimebberson/Documents/Miscellaneous/iPhone\ Apps/Breezy/build/Breezy.build/Release-iphonesimulator/BreezyWidgetExtension.build/BreezyWidgetExtension.appex-Simulated.xcent.der -framework SwiftUI -framework WidgetKit -Xlinker -no_adhoc_codesign -o /Users/olimebberson/Documents/Miscellaneous/iPhone\ Apps/Breezy/build/Breezy.build/Release-iphonesimulator/BreezyWidgetExtension.build/Objects-normal/x86_64/Binary/BreezyWidgetExtension

Ld /Users/olimebberson/Documents/Miscellaneous/iPhone\ Apps/Breezy/build/Breezy.build/Release-iphonesimulator/BreezyWatchWidgetExtensionExtension.build/Objects-normal/x86_64/Binary/BreezyWatchWidgetExtensionExtension normal x86_64 (in target 'BreezyWatchWidgetExtensionExtension' from project 'Breezy')
    cd /Users/olimebberson/Documents/Miscellaneous/iPhone\ Apps/Breezy
    /Applications/Xcode.app/Contents/Developer/Toolchains/XcodeDefault.xctoolchain/usr/bin/clang -Xlinker -reproducible -target x86_64-apple-ios26.0-simulator -isysroot /Applications/Xcode.app/Contents/Developer/Platforms/iPhoneSimulator.platform/Developer/SDKs/iPhoneSimulator26.0.sdk -Os -L/Users/olimebberson/Documents/Miscellaneous/iPhone\ Apps/Breezy/build/EagerLinkingTBDs/Release-iphonesimulator -L/Users/olimebberson/Documents/Miscellaneous/iPhone\ Apps/Breezy/build/Release-iphonesimulator -F/Users/olimebberson/Documents/Miscellaneous/iPhone\ Apps/Breezy/build/EagerLinkingTBDs/Release-iphonesimulator -F/Users/olimebberson/Documents/Miscellaneous/iPhone\ Apps/Breezy/build/Release-iphonesimulator -filelist /Users/olimebberson/Documents/Miscellaneous/iPhone\ Apps/Breezy/build/Breezy.build/Release-iphonesimulator/BreezyWatchWidgetExtensionExtension.build/Objects-normal/x86_64/BreezyWatchWidgetExtensionExtension.LinkFileList -Xlinker -rpath -Xlinker @executable_path/Frameworks -Xlinker -rpath -Xlinker @executable_path/../../Frameworks -Xlinker -rpath -Xlinker @executable_path/../../../../Frameworks -dead_strip -Xlinker -object_path_lto -Xlinker /Users/olimebberson/Documents/Miscellaneous/iPhone\ Apps/Breezy/build/Breezy.build/Release-iphonesimulator/BreezyWatchWidgetExtensionExtension.build/Objects-normal/x86_64/BreezyWatchWidgetExtensionExtension_lto.o -Xlinker -objc_abi_version -Xlinker 2 -Xlinker -dependency_info -Xlinker /Users/olimebberson/Documents/Miscellaneous/iPhone\ Apps/Breezy/build/Breezy.build/Release-iphonesimulator/BreezyWatchWidgetExtensionExtension.build/Objects-normal/x86_64/BreezyWatchWidgetExtensionExtension_dependency_info.dat -e _NSExtensionMain -fapplication-extension -fobjc-link-runtime -L/Applications/Xcode.app/Contents/Developer/Toolchains/XcodeDefault.xctoolchain/usr/lib/swift/iphonesimulator -L/usr/lib/swift -Xlinker -add_ast_path -Xlinker /Users/olimebberson/Documents/Miscellaneous/iPhone\ Apps/Breezy/build/Breezy.build/Release-iphonesimulator/BreezyWatchWidgetExtensionExtension.build/Objects-normal/x86_64/BreezyWatchWidgetExtensionExtension.swiftmodule @/Users/olimebberson/Documents/Miscellaneous/iPhone\ Apps/Breezy/build/Breezy.build/Release-iphonesimulator/BreezyWatchWidgetExtensionExtension.build/Objects-normal/x86_64/BreezyWatchWidgetExtensionExtension-linker-args.resp -Xlinker -sectcreate -Xlinker __TEXT -Xlinker __entitlements -Xlinker /Users/olimebberson/Documents/Miscellaneous/iPhone\ Apps/Breezy/build/Breezy.build/Release-iphonesimulator/BreezyWatchWidgetExtensionExtension.build/BreezyWatchWidgetExtensionExtension.appex-Simulated.xcent -Xlinker -sectcreate -Xlinker __TEXT -Xlinker __ents_der -Xlinker /Users/olimebberson/Documents/Miscellaneous/iPhone\ Apps/Breezy/build/Breezy.build/Release-iphonesimulator/BreezyWatchWidgetExtensionExtension.build/BreezyWatchWidgetExtensionExtension.appex-Simulated.xcent.der -framework SwiftUI -framework WidgetKit -Xlinker -no_adhoc_codesign -o /Users/olimebberson/Documents/Miscellaneous/iPhone\ Apps/Breezy/build/Breezy.build/Release-iphonesimulator/BreezyWatchWidgetExtensionExtension.build/Objects-normal/x86_64/Binary/BreezyWatchWidgetExtensionExtension

ProcessProductPackaging /Users/olimebberson/Documents/Miscellaneous/iPhone\ Apps/Breezy/Breezy\ Watch\ Watch\ App/Breezy\ Watch\ Watch\ App.entitlements /Users/olimebberson/Documents/Miscellaneous/iPhone\ Apps/Breezy/build/Breezy.build/Release-iphonesimulator/Breezy\ Watch\ Watch\ App.build/Breezy\ Watch\ Watch\ App.app.xcent (in target 'Breezy Watch Watch App' from project 'Breezy')
    cd /Users/olimebberson/Documents/Miscellaneous/iPhone\ Apps/Breezy
    
    Entitlements:
    
    {
}
    
    builtin-productPackagingUtility /Users/olimebberson/Documents/Miscellaneous/iPhone\ Apps/Breezy/Breezy\ Watch\ Watch\ App/Breezy\ Watch\ Watch\ App.entitlements -entitlements -format xml -o /Users/olimebberson/Documents/Miscellaneous/iPhone\ Apps/Breezy/build/Breezy.build/Release-iphonesimulator/Breezy\ Watch\ Watch\ App.build/Breezy\ Watch\ Watch\ App.app.xcent

Ld /Users/olimebberson/Documents/Miscellaneous/iPhone\ Apps/Breezy/build/Breezy.build/Release-iphonesimulator/BreezyWatchWidgetExtensionExtension.build/Objects-normal/arm64/Binary/BreezyWatchWidgetExtensionExtension normal arm64 (in target 'BreezyWatchWidgetExtensionExtension' from project 'Breezy')
    cd /Users/olimebberson/Documents/Miscellaneous/iPhone\ Apps/Breezy
    /Applications/Xcode.app/Contents/Developer/Toolchains/XcodeDefault.xctoolchain/usr/bin/clang -Xlinker -reproducible -target arm64-apple-ios26.0-simulator -isysroot /Applications/Xcode.app/Contents/Developer/Platforms/iPhoneSimulator.platform/Developer/SDKs/iPhoneSimulator26.0.sdk -Os -L/Users/olimebberson/Documents/Miscellaneous/iPhone\ Apps/Breezy/build/EagerLinkingTBDs/Release-iphonesimulator -L/Users/olimebberson/Documents/Miscellaneous/iPhone\ Apps/Breezy/build/Release-iphonesimulator -F/Users/olimebberson/Documents/Miscellaneous/iPhone\ Apps/Breezy/build/EagerLinkingTBDs/Release-iphonesimulator -F/Users/olimebberson/Documents/Miscellaneous/iPhone\ Apps/Breezy/build/Release-iphonesimulator -filelist /Users/olimebberson/Documents/Miscellaneous/iPhone\ Apps/Breezy/build/Breezy.build/Release-iphonesimulator/BreezyWatchWidgetExtensionExtension.build/Objects-normal/arm64/BreezyWatchWidgetExtensionExtension.LinkFileList -Xlinker -rpath -Xlinker @executable_path/Frameworks -Xlinker -rpath -Xlinker @executable_path/../../Frameworks -Xlinker -rpath -Xlinker @executable_path/../../../../Frameworks -dead_strip -Xlinker -object_path_lto -Xlinker /Users/olimebberson/Documents/Miscellaneous/iPhone\ Apps/Breezy/build/Breezy.build/Release-iphonesimulator/BreezyWatchWidgetExtensionExtension.build/Objects-normal/arm64/BreezyWatchWidgetExtensionExtension_lto.o -Xlinker -objc_abi_version -Xlinker 2 -Xlinker -dependency_info -Xlinker /Users/olimebberson/Documents/Miscellaneous/iPhone\ Apps/Breezy/build/Breezy.build/Release-iphonesimulator/BreezyWatchWidgetExtensionExtension.build/Objects-normal/arm64/BreezyWatchWidgetExtensionExtension_dependency_info.dat -e _NSExtensionMain -fapplication-extension -fobjc-link-runtime -L/Applications/Xcode.app/Contents/Developer/Toolchains/XcodeDefault.xctoolchain/usr/lib/swift/iphonesimulator -L/usr/lib/swift -Xlinker -add_ast_path -Xlinker /Users/olimebberson/Documents/Miscellaneous/iPhone\ Apps/Breezy/build/Breezy.build/Release-iphonesimulator/BreezyWatchWidgetExtensionExtension.build/Objects-normal/arm64/BreezyWatchWidgetExtensionExtension.swiftmodule @/Users/olimebberson/Documents/Miscellaneous/iPhone\ Apps/Breezy/build/Breezy.build/Release-iphonesimulator/BreezyWatchWidgetExtensionExtension.build/Objects-normal/arm64/BreezyWatchWidgetExtensionExtension-linker-args.resp -Xlinker -sectcreate -Xlinker __TEXT -Xlinker __entitlements -Xlinker /Users/olimebberson/Documents/Miscellaneous/iPhone\ Apps/Breezy/build/Breezy.build/Release-iphonesimulator/BreezyWatchWidgetExtensionExtension.build/BreezyWatchWidgetExtensionExtension.appex-Simulated.xcent -Xlinker -sectcreate -Xlinker __TEXT -Xlinker __ents_der -Xlinker /Users/olimebberson/Documents/Miscellaneous/iPhone\ Apps/Breezy/build/Breezy.build/Release-iphonesimulator/BreezyWatchWidgetExtensionExtension.build/BreezyWatchWidgetExtensionExtension.appex-Simulated.xcent.der -framework SwiftUI -framework WidgetKit -Xlinker -no_adhoc_codesign -o /Users/olimebberson/Documents/Miscellaneous/iPhone\ Apps/Breezy/build/Breezy.build/Release-iphonesimulator/BreezyWatchWidgetExtensionExtension.build/Objects-normal/arm64/Binary/BreezyWatchWidgetExtensionExtension

ProcessProductPackaging /Users/olimebberson/Documents/Miscellaneous/iPhone\ Apps/Breezy/Breezy\ Watch\ Watch\ App/Breezy\ Watch\ Watch\ App.entitlements /Users/olimebberson/Documents/Miscellaneous/iPhone\ Apps/Breezy/build/Breezy.build/Release-iphonesimulator/Breezy\ Watch\ Watch\ App.build/Breezy\ Watch\ Watch\ App.app-Simulated.xcent (in target 'Breezy Watch Watch App' from project 'Breezy')
    cd /Users/olimebberson/Documents/Miscellaneous/iPhone\ Apps/Breezy
    
    Entitlements:
    
    {
    "application-identifier" = "ZVYZ759YYL.com.breezy.weather.watchkitapp";
    "com.apple.developer.weatherkit" = 1;
    "com.apple.security.application-groups" =     (
        "group.com.breezy.weather"
    );
}
    
    builtin-productPackagingUtility /Users/olimebberson/Documents/Miscellaneous/iPhone\ Apps/Breezy/Breezy\ Watch\ Watch\ App/Breezy\ Watch\ Watch\ App.entitlements -entitlements -format xml -o /Users/olimebberson/Documents/Miscellaneous/iPhone\ Apps/Breezy/build/Breezy.build/Release-iphonesimulator/Breezy\ Watch\ Watch\ App.build/Breezy\ Watch\ Watch\ App.app-Simulated.xcent

ProcessProductPackagingDER /Users/olimebberson/Documents/Miscellaneous/iPhone\ Apps/Breezy/build/Breezy.build/Release-iphonesimulator/Breezy\ Watch\ Watch\ App.build/Breezy\ Watch\ Watch\ App.app.xcent /Users/olimebberson/Documents/Miscellaneous/iPhone\ Apps/Breezy/build/Breezy.build/Release-iphonesimulator/Breezy\ Watch\ Watch\ App.build/Breezy\ Watch\ Watch\ App.app.xcent.der (in target 'Breezy Watch Watch App' from project 'Breezy')
    cd /Users/olimebberson/Documents/Miscellaneous/iPhone\ Apps/Breezy
    /usr/bin/derq query -f xml -i /Users/olimebberson/Documents/Miscellaneous/iPhone\ Apps/Breezy/build/Breezy.build/Release-iphonesimulator/Breezy\ Watch\ Watch\ App.build/Breezy\ Watch\ Watch\ App.app.xcent -o /Users/olimebberson/Documents/Miscellaneous/iPhone\ Apps/Breezy/build/Breezy.build/Release-iphonesimulator/Breezy\ Watch\ Watch\ App.build/Breezy\ Watch\ Watch\ App.app.xcent.der --raw

ProcessProductPackagingDER /Users/olimebberson/Documents/Miscellaneous/iPhone\ Apps/Breezy/build/Breezy.build/Release-iphonesimulator/Breezy\ Watch\ Watch\ App.build/Breezy\ Watch\ Watch\ App.app-Simulated.xcent /Users/olimebberson/Documents/Miscellaneous/iPhone\ Apps/Breezy/build/Breezy.build/Release-iphonesimulator/Breezy\ Watch\ Watch\ App.build/Breezy\ Watch\ Watch\ App.app-Simulated.xcent.der (in target 'Breezy Watch Watch App' from project 'Breezy')
    cd /Users/olimebberson/Documents/Miscellaneous/iPhone\ Apps/Breezy
    /usr/bin/derq query -f xml -i /Users/olimebberson/Documents/Miscellaneous/iPhone\ Apps/Breezy/build/Breezy.build/Release-iphonesimulator/Breezy\ Watch\ Watch\ App.build/Breezy\ Watch\ Watch\ App.app-Simulated.xcent -o /Users/olimebberson/Documents/Miscellaneous/iPhone\ Apps/Breezy/build/Breezy.build/Release-iphonesimulator/Breezy\ Watch\ Watch\ App.build/Breezy\ Watch\ Watch\ App.app-Simulated.xcent.der --raw

SwiftDriver Breezy\ Watch\ Watch\ App normal x86_64 com.apple.xcode.tools.swift.compiler (in target 'Breezy Watch Watch App' from project 'Breezy')
    cd /Users/olimebberson/Documents/Miscellaneous/iPhone\ Apps/Breezy
    builtin-SwiftDriver -- /Applications/Xcode.app/Contents/Developer/Toolchains/XcodeDefault.xctoolchain/usr/bin/swiftc -module-name Breezy_Watch_Watch_App -O -whole-module-optimization -enforce-exclusivity\=checked @/Users/olimebberson/Documents/Miscellaneous/iPhone\ Apps/Breezy/build/Breezy.build/Release-iphonesimulator/Breezy\ Watch\ Watch\ App.build/Objects-normal/x86_64/Breezy\ Watch\ Watch\ App.SwiftFileList -default-isolation\=MainActor -enable-bare-slash-regex -enable-upcoming-feature DisableOutwardActorInference -enable-upcoming-feature InferSendableFromCaptures -enable-upcoming-feature GlobalActorIsolatedTypesUsability -enable-upcoming-feature MemberImportVisibility -enable-upcoming-feature InferIsolatedConformances -enable-upcoming-feature NonisolatedNonsendingByDefault -enable-experimental-feature DebugDescriptionMacro -sdk /Applications/Xcode.app/Contents/Developer/Platforms/iPhoneSimulator.platform/Developer/SDKs/iPhoneSimulator26.0.sdk -target x86_64-apple-ios26.0-simulator -g -Xfrontend -serialize-debugging-options -swift-version 5 -I /Users/olimebberson/Documents/Miscellaneous/iPhone\ Apps/Breezy/build/Release-iphonesimulator -F /Users/olimebberson/Documents/Miscellaneous/iPhone\ Apps/Breezy/build/Release-iphonesimulator -emit-localized-strings -emit-localized-strings-path /Users/olimebberson/Documents/Miscellaneous/iPhone\ Apps/Breezy/build/Breezy.build/Release-iphonesimulator/Breezy\ Watch\ Watch\ App.build/Objects-normal/x86_64 -c -num-threads 10 -Xcc -ivfsstatcache -Xcc /var/folders/lt/fw287cp96ng4tsv4tw7xfnwh0000gn/C/com.apple.DeveloperTools/26.0-17A324/Xcode/SDKStatCaches.noindex/iphonesimulator26.0-23A339-3885c01c3e6b6a337905948deab2002e26257891a6c027eb51374368541b8346.sdkstatcache -output-file-map /Users/olimebberson/Documents/Miscellaneous/iPhone\ Apps/Breezy/build/Breezy.build/Release-iphonesimulator/Breezy\ Watch\ Watch\ App.build/Objects-normal/x86_64/Breezy\ Watch\ Watch\ App-OutputFileMap.json -use-frontend-parseable-output -save-temps -no-color-diagnostics -explicit-module-build -module-cache-path /Users/olimebberson/Documents/Miscellaneous/iPhone\ Apps/Breezy/build/SwiftExplicitPrecompiledModules -serialize-diagnostics -emit-dependencies -emit-module -emit-module-path /Users/olimebberson/Documents/Miscellaneous/iPhone\ Apps/Breezy/build/Breezy.build/Release-iphonesimulator/Breezy\ Watch\ Watch\ App.build/Objects-normal/x86_64/Breezy_Watch_Watch_App.swiftmodule -validate-clang-modules-once -clang-build-session-file /var/folders/lt/fw287cp96ng4tsv4tw7xfnwh0000gn/C/org.llvm.clang/ModuleCache.noindex/Session.modulevalidation -Xcc -I/Users/olimebberson/Documents/Miscellaneous/iPhone\ Apps/Breezy/build/Breezy.build/Release-iphonesimulator/Breezy\ Watch\ Watch\ App.build/swift-overrides.hmap -emit-const-values -Xfrontend -const-gather-protocols-file -Xfrontend /Users/olimebberson/Documents/Miscellaneous/iPhone\ Apps/Breezy/build/Breezy.build/Release-iphonesimulator/Breezy\ Watch\ Watch\ App.build/Objects-normal/x86_64/Breezy\ Watch\ Watch\ App_const_extract_protocols.json -Xcc -iquote -Xcc /Users/olimebberson/Documents/Miscellaneous/iPhone\ Apps/Breezy/build/Breezy.build/Release-iphonesimulator/Breezy\ Watch\ Watch\ App.build/Breezy\ Watch\ Watch\ App-generated-files.hmap -Xcc -I/Users/olimebberson/Documents/Miscellaneous/iPhone\ Apps/Breezy/build/Breezy.build/Release-iphonesimulator/Breezy\ Watch\ Watch\ App.build/Breezy\ Watch\ Watch\ App-own-target-headers.hmap -Xcc -I/Users/olimebberson/Documents/Miscellaneous/iPhone\ Apps/Breezy/build/Breezy.build/Release-iphonesimulator/Breezy\ Watch\ Watch\ App.build/Breezy\ Watch\ Watch\ App-all-target-headers.hmap -Xcc -iquote -Xcc /Users/olimebberson/Documents/Miscellaneous/iPhone\ Apps/Breezy/build/Breezy.build/Release-iphonesimulator/Breezy\ Watch\ Watch\ App.build/Breezy\ Watch\ Watch\ App-project-headers.hmap -Xcc -I/Users/olimebberson/Documents/Miscellaneous/iPhone\ Apps/Breezy/build/Release-iphonesimulator/include -Xcc -I/Users/olimebberson/Documents/Miscellaneous/iPhone\ Apps/Breezy/build/Breezy.build/Release-iphonesimulator/Breezy\ Watch\ Watch\ App.build/DerivedSources-normal/x86_64 -Xcc -I/Users/olimebberson/Documents/Miscellaneous/iPhone\ Apps/Breezy/build/Breezy.build/Release-iphonesimulator/Breezy\ Watch\ Watch\ App.build/DerivedSources/x86_64 -Xcc -I/Users/olimebberson/Documents/Miscellaneous/iPhone\ Apps/Breezy/build/Breezy.build/Release-iphonesimulator/Breezy\ Watch\ Watch\ App.build/DerivedSources -emit-objc-header -emit-objc-header-path /Users/olimebberson/Documents/Miscellaneous/iPhone\ Apps/Breezy/build/Breezy.build/Release-iphonesimulator/Breezy\ Watch\ Watch\ App.build/Objects-normal/x86_64/Breezy_Watch_Watch_App-Swift.h -working-directory /Users/olimebberson/Documents/Miscellaneous/iPhone\ Apps/Breezy -no-emit-module-separately-wmo
/Users/olimebberson/Documents/Miscellaneous/iPhone Apps/Breezy/Breezy Watch Watch App/ContentView.swift:9:8: error: Unable to find module dependency: 'WatchKit'
import WatchKit
       ^
/Users/olimebberson/Documents/Miscellaneous/iPhone Apps/Breezy/Breezy Watch Watch App/ContentView.swift:9:8: note: a dependency of main module 'Breezy_Watch_Watch_App'
import WatchKit
       ^
/Users/olimebberson/Documents/Miscellaneous/iPhone Apps/Breezy/Breezy Watch Watch App/ContentView.swift:9:8: error: Unable to find module dependency: 'WatchKit'
import WatchKit
       ^
/Users/olimebberson/Documents/Miscellaneous/iPhone Apps/Breezy/Breezy Watch Watch App/ContentView.swift:9:8: note: a dependency of main module 'Breezy_Watch_Watch_App'
import WatchKit
       ^
/Users/olimebberson/Documents/Miscellaneous/iPhone Apps/Breezy/Breezy Watch Watch App/ContentView.swift:9:8: error: Unable to find module dependency: 'WatchKit'
import WatchKit
       ^ (in target 'Breezy Watch Watch App' from project 'Breezy')
/Users/olimebberson/Documents/Miscellaneous/iPhone Apps/Breezy/Breezy Watch Watch App/ContentView.swift:9:8: note: A dependency of main module 'Breezy_Watch_Watch_App'
import WatchKit
       ^ (in target 'Breezy Watch Watch App' from project 'Breezy')

SwiftDriver Breezy\ Watch\ Watch\ App normal arm64 com.apple.xcode.tools.swift.compiler (in target 'Breezy Watch Watch App' from project 'Breezy')
    cd /Users/olimebberson/Documents/Miscellaneous/iPhone\ Apps/Breezy
    builtin-SwiftDriver -- /Applications/Xcode.app/Contents/Developer/Toolchains/XcodeDefault.xctoolchain/usr/bin/swiftc -module-name Breezy_Watch_Watch_App -O -whole-module-optimization -enforce-exclusivity\=checked @/Users/olimebberson/Documents/Miscellaneous/iPhone\ Apps/Breezy/build/Breezy.build/Release-iphonesimulator/Breezy\ Watch\ Watch\ App.build/Objects-normal/arm64/Breezy\ Watch\ Watch\ App.SwiftFileList -default-isolation\=MainActor -enable-bare-slash-regex -enable-upcoming-feature DisableOutwardActorInference -enable-upcoming-feature InferSendableFromCaptures -enable-upcoming-feature GlobalActorIsolatedTypesUsability -enable-upcoming-feature MemberImportVisibility -enable-upcoming-feature InferIsolatedConformances -enable-upcoming-feature NonisolatedNonsendingByDefault -enable-experimental-feature DebugDescriptionMacro -sdk /Applications/Xcode.app/Contents/Developer/Platforms/iPhoneSimulator.platform/Developer/SDKs/iPhoneSimulator26.0.sdk -target arm64-apple-ios26.0-simulator -g -Xfrontend -serialize-debugging-options -swift-version 5 -I /Users/olimebberson/Documents/Miscellaneous/iPhone\ Apps/Breezy/build/Release-iphonesimulator -F /Users/olimebberson/Documents/Miscellaneous/iPhone\ Apps/Breezy/build/Release-iphonesimulator -emit-localized-strings -emit-localized-strings-path /Users/olimebberson/Documents/Miscellaneous/iPhone\ Apps/Breezy/build/Breezy.build/Release-iphonesimulator/Breezy\ Watch\ Watch\ App.build/Objects-normal/arm64 -c -num-threads 10 -Xcc -ivfsstatcache -Xcc /var/folders/lt/fw287cp96ng4tsv4tw7xfnwh0000gn/C/com.apple.DeveloperTools/26.0-17A324/Xcode/SDKStatCaches.noindex/iphonesimulator26.0-23A339-3885c01c3e6b6a337905948deab2002e26257891a6c027eb51374368541b8346.sdkstatcache -output-file-map /Users/olimebberson/Documents/Miscellaneous/iPhone\ Apps/Breezy/build/Breezy.build/Release-iphonesimulator/Breezy\ Watch\ Watch\ App.build/Objects-normal/arm64/Breezy\ Watch\ Watch\ App-OutputFileMap.json -use-frontend-parseable-output -save-temps -no-color-diagnostics -explicit-module-build -module-cache-path /Users/olimebberson/Documents/Miscellaneous/iPhone\ Apps/Breezy/build/SwiftExplicitPrecompiledModules -serialize-diagnostics -emit-dependencies -emit-module -emit-module-path /Users/olimebberson/Documents/Miscellaneous/iPhone\ Apps/Breezy/build/Breezy.build/Release-iphonesimulator/Breezy\ Watch\ Watch\ App.build/Objects-normal/arm64/Breezy_Watch_Watch_App.swiftmodule -validate-clang-modules-once -clang-build-session-file /var/folders/lt/fw287cp96ng4tsv4tw7xfnwh0000gn/C/org.llvm.clang/ModuleCache.noindex/Session.modulevalidation -Xcc -I/Users/olimebberson/Documents/Miscellaneous/iPhone\ Apps/Breezy/build/Breezy.build/Release-iphonesimulator/Breezy\ Watch\ Watch\ App.build/swift-overrides.hmap -emit-const-values -Xfrontend -const-gather-protocols-file -Xfrontend /Users/olimebberson/Documents/Miscellaneous/iPhone\ Apps/Breezy/build/Breezy.build/Release-iphonesimulator/Breezy\ Watch\ Watch\ App.build/Objects-normal/arm64/Breezy\ Watch\ Watch\ App_const_extract_protocols.json -Xcc -iquote -Xcc /Users/olimebberson/Documents/Miscellaneous/iPhone\ Apps/Breezy/build/Breezy.build/Release-iphonesimulator/Breezy\ Watch\ Watch\ App.build/Breezy\ Watch\ Watch\ App-generated-files.hmap -Xcc -I/Users/olimebberson/Documents/Miscellaneous/iPhone\ Apps/Breezy/build/Breezy.build/Release-iphonesimulator/Breezy\ Watch\ Watch\ App.build/Breezy\ Watch\ Watch\ App-own-target-headers.hmap -Xcc -I/Users/olimebberson/Documents/Miscellaneous/iPhone\ Apps/Breezy/build/Breezy.build/Release-iphonesimulator/Breezy\ Watch\ Watch\ App.build/Breezy\ Watch\ Watch\ App-all-target-headers.hmap -Xcc -iquote -Xcc /Users/olimebberson/Documents/Miscellaneous/iPhone\ Apps/Breezy/build/Breezy.build/Release-iphonesimulator/Breezy\ Watch\ Watch\ App.build/Breezy\ Watch\ Watch\ App-project-headers.hmap -Xcc -I/Users/olimebberson/Documents/Miscellaneous/iPhone\ Apps/Breezy/build/Release-iphonesimulator/include -Xcc -I/Users/olimebberson/Documents/Miscellaneous/iPhone\ Apps/Breezy/build/Breezy.build/Release-iphonesimulator/Breezy\ Watch\ Watch\ App.build/DerivedSources-normal/arm64 -Xcc -I/Users/olimebberson/Documents/Miscellaneous/iPhone\ Apps/Breezy/build/Breezy.build/Release-iphonesimulator/Breezy\ Watch\ Watch\ App.build/DerivedSources/arm64 -Xcc -I/Users/olimebberson/Documents/Miscellaneous/iPhone\ Apps/Breezy/build/Breezy.build/Release-iphonesimulator/Breezy\ Watch\ Watch\ App.build/DerivedSources -emit-objc-header -emit-objc-header-path /Users/olimebberson/Documents/Miscellaneous/iPhone\ Apps/Breezy/build/Breezy.build/Release-iphonesimulator/Breezy\ Watch\ Watch\ App.build/Objects-normal/arm64/Breezy_Watch_Watch_App-Swift.h -working-directory /Users/olimebberson/Documents/Miscellaneous/iPhone\ Apps/Breezy -no-emit-module-separately-wmo
/Users/olimebberson/Documents/Miscellaneous/iPhone Apps/Breezy/Breezy Watch Watch App/ContentView.swift:9:8: error: Unable to find module dependency: 'WatchKit'
import WatchKit
       ^ (in target 'Breezy Watch Watch App' from project 'Breezy')
/Users/olimebberson/Documents/Miscellaneous/iPhone Apps/Breezy/Breezy Watch Watch App/ContentView.swift:9:8: note: A dependency of main module 'Breezy_Watch_Watch_App'
import WatchKit
       ^ (in target 'Breezy Watch Watch App' from project 'Breezy')

CompileAssetCatalogVariant thinned /Users/olimebberson/Documents/Miscellaneous/iPhone\ Apps/Breezy/build/Release-iphonesimulator/Breezy\ Watch\ Watch\ App.app /Users/olimebberson/Documents/Miscellaneous/iPhone\ Apps/Breezy/Breezy\ Watch\ Watch\ App/Assets.xcassets (in target 'Breezy Watch Watch App' from project 'Breezy')
    cd /Users/olimebberson/Documents/Miscellaneous/iPhone\ Apps/Breezy
    /Applications/Xcode.app/Contents/Developer/usr/bin/actool /Users/olimebberson/Documents/Miscellaneous/iPhone\ Apps/Breezy/Breezy\ Watch\ Watch\ App/Assets.xcassets --compile /Users/olimebberson/Documents/Miscellaneous/iPhone\ Apps/Breezy/build/Breezy.build/Release-iphonesimulator/Breezy\ Watch\ Watch\ App.build/assetcatalog_output/thinned --output-format human-readable-text --notices --warnings --export-dependency-info /Users/olimebberson/Documents/Miscellaneous/iPhone\ Apps/Breezy/build/Breezy.build/Release-iphonesimulator/Breezy\ Watch\ Watch\ App.build/assetcatalog_dependencies_thinned --output-partial-info-plist /Users/olimebberson/Documents/Miscellaneous/iPhone\ Apps/Breezy/build/Breezy.build/Release-iphonesimulator/Breezy\ Watch\ Watch\ App.build/assetcatalog_generated_info.plist_thinned --app-icon AppIcon --accent-color AccentColor --compress-pngs --enable-on-demand-resources YES --development-region en --target-device iphone --target-device ipad --minimum-deployment-target 26.0 --platform iphonesimulator
/* com.apple.actool.errors */
/Users/olimebberson/Documents/Miscellaneous/iPhone Apps/Breezy/Breezy Watch Watch App/Assets.xcassets: error: The stickers icon set, app icon set, or icon stack named "AppIcon" did not have any applicable content.
/* com.apple.actool.compilation-results */
/Users/olimebberson/Documents/Miscellaneous/iPhone Apps/Breezy/build/Breezy.build/Release-iphonesimulator/Breezy Watch Watch App.build/assetcatalog_generated_info.plist_thinned


** BUILD FAILED **


The following build commands failed:
	SwiftDriver Breezy\ Watch\ Watch\ App normal x86_64 com.apple.xcode.tools.swift.compiler (in target 'Breezy Watch Watch App' from project 'Breezy')
	SwiftDriver Breezy\ Watch\ Watch\ App normal arm64 com.apple.xcode.tools.swift.compiler (in target 'Breezy Watch Watch App' from project 'Breezy')
	CompileAssetCatalogVariant thinned /Users/olimebberson/Documents/Miscellaneous/iPhone\ Apps/Breezy/build/Release-iphonesimulator/Breezy\ Watch\ Watch\ App.app /Users/olimebberson/Documents/Miscellaneous/iPhone\ Apps/Breezy/Breezy\ Watch\ Watch\ App/Assets.xcassets (in target 'Breezy Watch Watch App' from project 'Breezy')
(3 failures)
