Command line invocation:
    /Applications/Xcode.app/Contents/Developer/usr/bin/xcodebuild -workspace Breezy.xcodeproj/project.xcworkspace -scheme Breezy -destination "generic/platform=iOS Simulator" clean build

2026-02-12 20:30:12.772 xcodebuild[13208:2868562]  DVTAssertions: Warning in DVTiOSFrameworks/DTDeviceKitBase/DTDKRemoteDeviceData.m:409
Details:  (null) deviceType from 00008310-001C3D6E1E43601E was NULL when -platform called.
Object:   <DTDKMobileDeviceToken: 0xa6a7f8400>
Method:   -platform
Thread:   <NSThread: 0xa68628e40>{number = 3, name = (null)}
Please file a bug at https://feedbackassistant.apple.com with this warning message and any useful information you can provide.
2026-02-12 20:30:12.772 xcodebuild[13208:2868566]  DVTAssertions: Warning in DVTiOSFrameworks/DTDeviceKitBase/DTDKRemoteDeviceData.m:409
Details:  (null) deviceType from 00008310-001C3D6E1E43601E was NULL when -platform called.
Object:   <DTDKMobileDeviceToken: 0xa6a7f8400>
Method:   -platform
Thread:   <NSThread: 0xa680ce940>{number = 8, name = (null)}
Please file a bug at https://feedbackassistant.apple.com with this warning message and any useful information you can provide.
2026-02-12 20:30:12.772 xcodebuild[13208:2868569]  DVTAssertions: Warning in DVTiOSFrameworks/DTDeviceKitBase/DTDKRemoteDeviceData.m:409
Details:  (null) deviceType from 00008310-001C3D6E1E43601E was NULL when -platform called.
Object:   <DTDKMobileDeviceToken: 0xa6a7f8400>
Method:   -platform
Thread:   <NSThread: 0xa680ce8c0>{number = 7, name = (null)}
Please file a bug at https://feedbackassistant.apple.com with this warning message and any useful information you can provide.
CreateBuildRequest

SendProjectDescription

CreateBuildOperation

** CLEAN SUCCEEDED **

ComputePackagePrebuildTargetDependencyGraph

Prepare packages

CreateBuildRequest

SendProjectDescription

CreateBuildOperation

ComputeTargetDependencyGraph
note: Building targets in dependency order
note: Target dependency graph (4 targets)
    Target 'Breezy' in project 'Breezy'
        ➜ Explicit dependency on target 'BreezyWidgetExtension' in project 'Breezy'
        ➜ Explicit dependency on target 'Breezy Watch Watch App' in project 'Breezy'
    Target 'Breezy Watch Watch App' in project 'Breezy'
        ➜ Explicit dependency on target 'BreezyWatchWidgetExtensionExtension' in project 'Breezy'
    Target 'BreezyWatchWidgetExtensionExtension' in project 'Breezy' (no dependencies)
    Target 'BreezyWidgetExtension' in project 'Breezy' (no dependencies)

GatherProvisioningInputs

CreateBuildDescription

ExecuteExternalTool /Applications/Xcode.app/Contents/Developer/Toolchains/XcodeDefault.xctoolchain/usr/bin/clang -v -E -dM -isysroot /Applications/Xcode.app/Contents/Developer/Platforms/iPhoneSimulator.platform/Developer/SDKs/iPhoneSimulator26.2.sdk -x c -c /dev/null

ExecuteExternalTool /Applications/Xcode.app/Contents/Developer/usr/bin/actool --version --output-format xml1

ExecuteExternalTool /Applications/Xcode.app/Contents/Developer/usr/bin/actool --print-asset-tag-combinations --output-format xml1 /Users/olimebberson/Documents/Miscellaneous/iPhone Apps/Breezy/Breezy Watch Watch App/Assets.xcassets

ExecuteExternalTool /Applications/Xcode.app/Contents/Developer/usr/bin/actool --print-asset-tag-combinations --output-format xml1 /Users/olimebberson/Documents/Miscellaneous/iPhone Apps/Breezy/Breezy/Assets.xcassets

ExecuteExternalTool /Applications/Xcode.app/Contents/Developer/Toolchains/XcodeDefault.xctoolchain/usr/bin/clang -v -E -dM -isysroot /Applications/Xcode.app/Contents/Developer/Platforms/WatchSimulator.platform/Developer/SDKs/WatchSimulator26.2.sdk -x c -c /dev/null

ExecuteExternalTool /Applications/Xcode.app/Contents/Developer/Toolchains/XcodeDefault.xctoolchain/usr/bin/swiftc --version

ExecuteExternalTool /Applications/Xcode.app/Contents/Developer/Toolchains/XcodeDefault.xctoolchain/usr/bin/ld -version_details

Build description signature: c268c157f77a8b1a2ddc47a993423d9d
Build description path: /Users/olimebberson/Library/Developer/Xcode/DerivedData/Breezy-aonmjwctbybugpfmgtluemzzlkma/Build/Intermediates.noindex/XCBuildData/c268c157f77a8b1a2ddc47a993423d9d.xcbuilddata
ClangStatCache /Applications/Xcode.app/Contents/Developer/Toolchains/XcodeDefault.xctoolchain/usr/bin/clang-stat-cache /Applications/Xcode.app/Contents/Developer/Platforms/WatchSimulator.platform/Developer/SDKs/WatchSimulator26.2.sdk /Users/olimebberson/Library/Developer/Xcode/DerivedData/SDKStatCaches.noindex/watchsimulator26.2-23S303-963ebdd26732d23a23bcca82c2045e26.sdkstatcache
    cd /Users/olimebberson/Documents/Miscellaneous/iPhone\ Apps/Breezy/Breezy.xcodeproj
    /Applications/Xcode.app/Contents/Developer/Toolchains/XcodeDefault.xctoolchain/usr/bin/clang-stat-cache /Applications/Xcode.app/Contents/Developer/Platforms/WatchSimulator.platform/Developer/SDKs/WatchSimulator26.2.sdk -o /Users/olimebberson/Library/Developer/Xcode/DerivedData/SDKStatCaches.noindex/watchsimulator26.2-23S303-963ebdd26732d23a23bcca82c2045e26.sdkstatcache

ClangStatCache /Applications/Xcode.app/Contents/Developer/Toolchains/XcodeDefault.xctoolchain/usr/bin/clang-stat-cache /Applications/Xcode.app/Contents/Developer/Platforms/iPhoneSimulator.platform/Developer/SDKs/iPhoneSimulator26.2.sdk /Users/olimebberson/Library/Developer/Xcode/DerivedData/SDKStatCaches.noindex/iphonesimulator26.2-23C53-7d00a8b37fbd7999ea79df8ebc024bf0.sdkstatcache
    cd /Users/olimebberson/Documents/Miscellaneous/iPhone\ Apps/Breezy/Breezy.xcodeproj
    /Applications/Xcode.app/Contents/Developer/Toolchains/XcodeDefault.xctoolchain/usr/bin/clang-stat-cache /Applications/Xcode.app/Contents/Developer/Platforms/iPhoneSimulator.platform/Developer/SDKs/iPhoneSimulator26.2.sdk -o /Users/olimebberson/Library/Developer/Xcode/DerivedData/SDKStatCaches.noindex/iphonesimulator26.2-23C53-7d00a8b37fbd7999ea79df8ebc024bf0.sdkstatcache

CreateBuildDirectory /Users/olimebberson/Library/Developer/Xcode/DerivedData/Breezy-aonmjwctbybugpfmgtluemzzlkma/Build/Intermediates.noindex
    cd /Users/olimebberson/Documents/Miscellaneous/iPhone\ Apps/Breezy/Breezy.xcodeproj
    builtin-create-build-directory /Users/olimebberson/Library/Developer/Xcode/DerivedData/Breezy-aonmjwctbybugpfmgtluemzzlkma/Build/Intermediates.noindex

CreateBuildDirectory /Users/olimebberson/Library/Developer/Xcode/DerivedData/Breezy-aonmjwctbybugpfmgtluemzzlkma/Build/Products
    cd /Users/olimebberson/Documents/Miscellaneous/iPhone\ Apps/Breezy/Breezy.xcodeproj
    builtin-create-build-directory /Users/olimebberson/Library/Developer/Xcode/DerivedData/Breezy-aonmjwctbybugpfmgtluemzzlkma/Build/Products

CreateBuildDirectory /Users/olimebberson/Library/Developer/Xcode/DerivedData/Breezy-aonmjwctbybugpfmgtluemzzlkma/Build/Products/Debug-iphonesimulator
    cd /Users/olimebberson/Documents/Miscellaneous/iPhone\ Apps/Breezy/Breezy.xcodeproj
    builtin-create-build-directory /Users/olimebberson/Library/Developer/Xcode/DerivedData/Breezy-aonmjwctbybugpfmgtluemzzlkma/Build/Products/Debug-iphonesimulator

CreateBuildDirectory /Users/olimebberson/Library/Developer/Xcode/DerivedData/Breezy-aonmjwctbybugpfmgtluemzzlkma/Build/Products/Debug-watchsimulator
    cd /Users/olimebberson/Documents/Miscellaneous/iPhone\ Apps/Breezy/Breezy.xcodeproj
    builtin-create-build-directory /Users/olimebberson/Library/Developer/Xcode/DerivedData/Breezy-aonmjwctbybugpfmgtluemzzlkma/Build/Products/Debug-watchsimulator

CreateBuildDirectory /Users/olimebberson/Library/Developer/Xcode/DerivedData/Breezy-aonmjwctbybugpfmgtluemzzlkma/Build/Intermediates.noindex/ExplicitPrecompiledModules
    cd /Users/olimebberson/Documents/Miscellaneous/iPhone\ Apps/Breezy/Breezy.xcodeproj
    builtin-create-build-directory /Users/olimebberson/Library/Developer/Xcode/DerivedData/Breezy-aonmjwctbybugpfmgtluemzzlkma/Build/Intermediates.noindex/ExplicitPrecompiledModules

CreateBuildDirectory /Users/olimebberson/Library/Developer/Xcode/DerivedData/Breezy-aonmjwctbybugpfmgtluemzzlkma/Build/Intermediates.noindex/SwiftExplicitPrecompiledModules
    cd /Users/olimebberson/Documents/Miscellaneous/iPhone\ Apps/Breezy/Breezy.xcodeproj
    builtin-create-build-directory /Users/olimebberson/Library/Developer/Xcode/DerivedData/Breezy-aonmjwctbybugpfmgtluemzzlkma/Build/Intermediates.noindex/SwiftExplicitPrecompiledModules

CreateBuildDirectory /Users/olimebberson/Library/Developer/Xcode/DerivedData/Breezy-aonmjwctbybugpfmgtluemzzlkma/Build/Intermediates.noindex/EagerLinkingTBDs/Debug-watchsimulator
    cd /Users/olimebberson/Documents/Miscellaneous/iPhone\ Apps/Breezy/Breezy.xcodeproj
    builtin-create-build-directory /Users/olimebberson/Library/Developer/Xcode/DerivedData/Breezy-aonmjwctbybugpfmgtluemzzlkma/Build/Intermediates.noindex/EagerLinkingTBDs/Debug-watchsimulator

CreateBuildDirectory /Users/olimebberson/Library/Developer/Xcode/DerivedData/Breezy-aonmjwctbybugpfmgtluemzzlkma/Build/Intermediates.noindex/EagerLinkingTBDs/Debug-iphonesimulator
    cd /Users/olimebberson/Documents/Miscellaneous/iPhone\ Apps/Breezy/Breezy.xcodeproj
    builtin-create-build-directory /Users/olimebberson/Library/Developer/Xcode/DerivedData/Breezy-aonmjwctbybugpfmgtluemzzlkma/Build/Intermediates.noindex/EagerLinkingTBDs/Debug-iphonesimulator

WriteAuxiliaryFile /Users/olimebberson/Library/Developer/Xcode/DerivedData/Breezy-aonmjwctbybugpfmgtluemzzlkma/Build/Intermediates.noindex/Breezy.build/Debug-iphonesimulator/Breezy-3d546550e3f2c2123e5815ac9d520849-VFS-iphonesimulator/all-product-headers.yaml
    cd /Users/olimebberson/Documents/Miscellaneous/iPhone\ Apps/Breezy/Breezy.xcodeproj
    write-file /Users/olimebberson/Library/Developer/Xcode/DerivedData/Breezy-aonmjwctbybugpfmgtluemzzlkma/Build/Intermediates.noindex/Breezy.build/Debug-iphonesimulator/Breezy-3d546550e3f2c2123e5815ac9d520849-VFS-iphonesimulator/all-product-headers.yaml
error: unable to write file '/Users/olimebberson/Library/Developer/Xcode/DerivedData/Breezy-aonmjwctbybugpfmgtluemzzlkma/Build/Intermediates.noindex/Breezy.build/Debug-iphonesimulator/Breezy-3d546550e3f2c2123e5815ac9d520849-VFS-iphonesimulator/all-product-headers.yaml': No such file or directory (2)

WriteAuxiliaryFile /Users/olimebberson/Library/Developer/Xcode/DerivedData/Breezy-aonmjwctbybugpfmgtluemzzlkma/Build/Intermediates.noindex/Breezy.build/Debug-watchsimulator/Breezy-3d546550e3f2c2123e5815ac9d520849-VFS-watchsimulator/all-product-headers.yaml
    cd /Users/olimebberson/Documents/Miscellaneous/iPhone\ Apps/Breezy/Breezy.xcodeproj
    write-file /Users/olimebberson/Library/Developer/Xcode/DerivedData/Breezy-aonmjwctbybugpfmgtluemzzlkma/Build/Intermediates.noindex/Breezy.build/Debug-watchsimulator/Breezy-3d546550e3f2c2123e5815ac9d520849-VFS-watchsimulator/all-product-headers.yaml
error: unable to write file '/Users/olimebberson/Library/Developer/Xcode/DerivedData/Breezy-aonmjwctbybugpfmgtluemzzlkma/Build/Intermediates.noindex/Breezy.build/Debug-watchsimulator/Breezy-3d546550e3f2c2123e5815ac9d520849-VFS-watchsimulator/all-product-headers.yaml': No such file or directory (2)

WriteAuxiliaryFile /Users/olimebberson/Library/Developer/Xcode/DerivedData/Breezy-aonmjwctbybugpfmgtluemzzlkma/Build/Intermediates.noindex/Breezy.build/Debug-iphonesimulator/BreezyWidgetExtension.build/Objects-normal/x86_64/BreezyWidgetExtension.SwiftConstValuesFileList (in target 'BreezyWidgetExtension' from project 'Breezy')
    cd /Users/olimebberson/Documents/Miscellaneous/iPhone\ Apps/Breezy
    write-file /Users/olimebberson/Library/Developer/Xcode/DerivedData/Breezy-aonmjwctbybugpfmgtluemzzlkma/Build/Intermediates.noindex/Breezy.build/Debug-iphonesimulator/BreezyWidgetExtension.build/Objects-normal/x86_64/BreezyWidgetExtension.SwiftConstValuesFileList

WriteAuxiliaryFile /Users/olimebberson/Library/Developer/Xcode/DerivedData/Breezy-aonmjwctbybugpfmgtluemzzlkma/Build/Intermediates.noindex/Breezy.build/Debug-iphonesimulator/BreezyWidgetExtension.build/Objects-normal/x86_64/BreezyWidgetExtension.LinkFileList (in target 'BreezyWidgetExtension' from project 'Breezy')
    cd /Users/olimebberson/Documents/Miscellaneous/iPhone\ Apps/Breezy
    write-file /Users/olimebberson/Library/Developer/Xcode/DerivedData/Breezy-aonmjwctbybugpfmgtluemzzlkma/Build/Intermediates.noindex/Breezy.build/Debug-iphonesimulator/BreezyWidgetExtension.build/Objects-normal/x86_64/BreezyWidgetExtension.LinkFileList

WriteAuxiliaryFile /Users/olimebberson/Library/Developer/Xcode/DerivedData/Breezy-aonmjwctbybugpfmgtluemzzlkma/Build/Intermediates.noindex/Breezy.build/Debug-iphonesimulator/BreezyWidgetExtension.build/Objects-normal/x86_64/BreezyWidgetExtension.SwiftFileList (in target 'BreezyWidgetExtension' from project 'Breezy')
    cd /Users/olimebberson/Documents/Miscellaneous/iPhone\ Apps/Breezy
    write-file /Users/olimebberson/Library/Developer/Xcode/DerivedData/Breezy-aonmjwctbybugpfmgtluemzzlkma/Build/Intermediates.noindex/Breezy.build/Debug-iphonesimulator/BreezyWidgetExtension.build/Objects-normal/x86_64/BreezyWidgetExtension.SwiftFileList

WriteAuxiliaryFile /Users/olimebberson/Library/Developer/Xcode/DerivedData/Breezy-aonmjwctbybugpfmgtluemzzlkma/Build/Intermediates.noindex/Breezy.build/Debug-iphonesimulator/BreezyWidgetExtension.build/Objects-normal/x86_64/BreezyWidgetExtension-OutputFileMap.json (in target 'BreezyWidgetExtension' from project 'Breezy')
    cd /Users/olimebberson/Documents/Miscellaneous/iPhone\ Apps/Breezy
    write-file /Users/olimebberson/Library/Developer/Xcode/DerivedData/Breezy-aonmjwctbybugpfmgtluemzzlkma/Build/Intermediates.noindex/Breezy.build/Debug-iphonesimulator/BreezyWidgetExtension.build/Objects-normal/x86_64/BreezyWidgetExtension-OutputFileMap.json

WriteAuxiliaryFile /Users/olimebberson/Library/Developer/Xcode/DerivedData/Breezy-aonmjwctbybugpfmgtluemzzlkma/Build/Intermediates.noindex/Breezy.build/Debug-iphonesimulator/BreezyWidgetExtension.build/Objects-normal/x86_64/BreezyWidgetExtension_const_extract_protocols.json (in target 'BreezyWidgetExtension' from project 'Breezy')
    cd /Users/olimebberson/Documents/Miscellaneous/iPhone\ Apps/Breezy
    write-file /Users/olimebberson/Library/Developer/Xcode/DerivedData/Breezy-aonmjwctbybugpfmgtluemzzlkma/Build/Intermediates.noindex/Breezy.build/Debug-iphonesimulator/BreezyWidgetExtension.build/Objects-normal/x86_64/BreezyWidgetExtension_const_extract_protocols.json

error: Internal inconsistency error: never received target ended message for target ID '1' (in target 'BreezyWidgetExtension' from project 'Breezy').
** BUILD INTERRUPTED **


The following build commands failed:
	WriteAuxiliaryFile /Users/olimebberson/Library/Developer/Xcode/DerivedData/Breezy-aonmjwctbybugpfmgtluemzzlkma/Build/Intermediates.noindex/Breezy.build/Debug-iphonesimulator/Breezy-3d546550e3f2c2123e5815ac9d520849-VFS-iphonesimulator/all-product-headers.yaml
	WriteAuxiliaryFile /Users/olimebberson/Library/Developer/Xcode/DerivedData/Breezy-aonmjwctbybugpfmgtluemzzlkma/Build/Intermediates.noindex/Breezy.build/Debug-watchsimulator/Breezy-3d546550e3f2c2123e5815ac9d520849-VFS-watchsimulator/all-product-headers.yaml
(2 failures)
